<?xml version="1.0" encoding="UTF-8" standalone="yes"?><!DOCTYPE report PUBLIC "-//JACOCO//DTD Report 1.1//EN" "report.dtd"><report name="code_coverage_3"><sessioninfo id="LAPTOP-5OTGKSR9-8d09a8f0" start="1766401070899" dump="1766401071476"/><sessioninfo id="LAPTOP-5OTGKSR9-88317b6" start="1766401935163" dump="1766401935582"/><sessioninfo id="LAPTOP-5OTGKSR9-cfd435d" start="1766402953584" dump="1766402954032"/><sessioninfo id="LAPTOP-5OTGKSR9-4fe87de5" start="1766403023766" dump="1766403024214"/><sessioninfo id="LAPTOP-5OTGKSR9-6d239bc7" start="1767622018654" dump="1767622019118"/><sessioninfo id="LAPTOP-5OTGKSR9-7bf7a52a" start="1768219902342" dump="1768219902900"/><sessioninfo id="LAPTOP-5OTGKSR9-7dd17de2" start="1768219903750" dump="1768219904328"/><sessioninfo id="LAPTOP-5OTGKSR9-381e8d47" start="1768219905319" dump="1768219905784"/><sessioninfo id="LAPTOP-5OTGKSR9-375e7e5d" start="1768219906728" dump="1768219907171"/><sessioninfo id="LAPTOP-5OTGKSR9-da565c32" start="1768231321179" dump="1768231321548"/><sessioninfo id="LAPTOP-5OTGKSR9-5da1cc8e" start="1768231322347" dump="1768231322769"/><sessioninfo id="LAPTOP-5OTGKSR9-abbdb90d" start="1768231323556" dump="1768231323952"/><sessioninfo id="LAPTOP-5OTGKSR9-b4f0b2d6" start="1768231324794" dump="1768231325209"/><sessioninfo id="LAPTOP-5OTGKSR9-e62208d1" start="1768237176953" dump="1768237177661"/><sessioninfo id="LAPTOP-5OTGKSR9-f8b73dea" start="1768237178668" dump="1768237179294"/><sessioninfo id="LAPTOP-5OTGKSR9-54be1ec0" start="1768237180206" dump="1768237180649"/><sessioninfo id="LAPTOP-5OTGKSR9-6498196a" start="1768237181731" dump="1768237182185"/><sessioninfo id="LAPTOP-5OTGKSR9-edf27ac8" start="1768290411326" dump="1768290411798"/><sessioninfo id="LAPTOP-5OTGKSR9-de460fdb" start="1768290412741" dump="1768290413322"/><sessioninfo id="LAPTOP-5OTGKSR9-7c067407" start="1768290414194" dump="1768290414655"/><sessioninfo id="LAPTOP-5OTGKSR9-ddaa5ebb" start="1768290415642" dump="1768290416116"/><sessioninfo id="LAPTOP-5OTGKSR9-3028b0d2" start="1768292799170" dump="1768292799602"/><sessioninfo id="LAPTOP-5OTGKSR9-6b6c30a4" start="1768292800647" dump="1768292801166"/><sessioninfo id="LAPTOP-5OTGKSR9-eda68aa5" start="1768292802042" dump="1768292802593"/><sessioninfo id="LAPTOP-5OTGKSR9-b0993f2a" start="1768292803526" dump="1768292803981"/><package name="code_coverage_4/code_coverage_4"><class name="code_coverage_4/code_coverage_4/WeakClass_1" sourcefilename="WeakClass_1.java"><method name="&lt;init&gt;" desc="()V" line="3"><counter type="INSTRUCTION" missed="0" covered="3"/><counter type="LINE" missed="0" covered="1"/><counter type="COMPLEXITY" missed="0" covered="1"/><counter type="METHOD" missed="0" covered="1"/></method><method name="weakMethod1" desc="(II)I" line="6"><counter type="INSTRUCTION" missed="0" covered="10"/><counter type="BRANCH" missed="0" covered="2"/><counter type="LINE" missed="0" covered="4"/><counter type="COMPLEXITY" missed="0" covered="2"/><counter type="METHOD" missed="0" covered="1"/></method><counter type="INSTRUCTION" missed="0" covered="13"/><counter type="BRANCH" missed="0" covered="2"/><counter type="LINE" missed="0" covered="5"/><counter type="COMPLEXITY" missed="0" covered="3"/><counter type="METHOD" missed="0" covered="2"/><counter type="CLASS" missed="0" covered="1"/></class><class name="code_coverage_4/code_coverage_4/func2" sourcefilename="func2.java"><method name="&lt;init&gt;" desc="()V" line="3"><counter type="INSTRUCTION" missed="3" covered="0"/><counter type="LINE" missed="1" covered="0"/><counter type="COMPLEXITY" missed="1" covered="0"/><counter type="METHOD" missed="1" covered="0"/></method><method name="func2" desc="(FF)Ljava/lang/String;" line="6"><counter type="INSTRUCTION" missed="0" covered="27"/><counter type="BRANCH" missed="0" covered="2"/><counter type="LINE" missed="0" covered="4"/><counter type="COMPLEXITY" missed="0" covered="2"/><counter type="METHOD" missed="0" covered="1"/></method><counter type="INSTRUCTION" missed="3" covered="27"/><counter type="BRANCH" missed="0" covered="2"/><counter type="LINE" missed="1" covered="4"/><counter type="COMPLEXITY" missed="1" covered="2"/><counter type="METHOD" missed="1" covered="1"/><counter type="CLASS" missed="0" covered="1"/></class><class name="code_coverage_4/code_coverage_4/func3" sourcefilename="func3.java"><method name="&lt;init&gt;" desc="()V" line="3"><counter type="INSTRUCTION" missed="3" covered="0"/><counter type="LINE" missed="1" covered="0"/><counter type="COMPLEXITY" missed="1" covered="0"/><counter type="METHOD" missed="1" covered="0"/></method><method name="func3" desc="(I)Ljava/lang/String;" line="5"><counter type="INSTRUCTION" missed="14" covered="8"/><counter type="BRANCH" missed="1" covered="1"/><counter type="LINE" missed="2" covered="3"/><counter type="COMPLEXITY" missed="1" covered="1"/><counter type="METHOD" missed="0" covered="1"/></method><counter type="INSTRUCTION" missed="17" covered="8"/><counter type="BRANCH" missed="1" covered="1"/><counter type="LINE" missed="3" covered="3"/><counter type="COMPLEXITY" missed="2" covered="1"/><counter type="METHOD" missed="1" covered="1"/><counter type="CLASS" missed="0" covered="1"/></class><class name="code_coverage_4/code_coverage_4/func1" sourcefilename="func1.java"><method name="&lt;init&gt;" desc="()V" line="3"><counter type="INSTRUCTION" missed="3" covered="0"/><counter type="LINE" missed="1" covered="0"/><counter type="COMPLEXITY" missed="1" covered="0"/><counter type="METHOD" missed="1" covered="0"/></method><method name="func1" desc="(III)I" line="5"><counter type="INSTRUCTION" missed="0" covered="24"/><counter type="BRANCH" missed="0" covered="6"/><counter type="LINE" missed="0" covered="5"/><counter type="COMPLEXITY" missed="0" covered="4"/><counter type="METHOD" missed="0" covered="1"/></method><counter type="INSTRUCTION" missed="3" covered="24"/><counter type="BRANCH" missed="0" covered="6"/><counter type="LINE" missed="1" covered="5"/><counter type="COMPLEXITY" missed="1" covered="4"/><counter type="METHOD" missed="1" covered="1"/><counter type="CLASS" missed="0" covered="1"/></class><sourcefile name="func1.java"><line nr="3" mi="3" ci="0" mb="0" cb="0"/><line nr="5" mi="0" ci="2" mb="0" cb="0"/><line nr="7" mi="0" ci="12" mb="0" cb="6"/><line nr="8" mi="0" ci="4" mb="0" cb="0"/><line nr="10" mi="0" ci="4" mb="0" cb="0"/><line nr="12" mi="0" ci="2" mb="0" cb="0"/><counter type="INSTRUCTION" missed="3" covered="24"/><counter type="BRANCH" missed="0" covered="6"/><counter type="LINE" missed="1" covered="5"/><counter type="COMPLEXITY" missed="1" covered="4"/><counter type="METHOD" missed="1" covered="1"/><counter type="CLASS" missed="0" covered="1"/></sourcefile><sourcefile name="func2.java"><line nr="3" mi="3" ci="0" mb="0" cb="0"/><line nr="6" mi="0" ci="4" mb="0" cb="2"/><line nr="7" mi="0" ci="4" mb="0" cb="0"/><line nr="11" mi="0" ci="4" mb="0" cb="0"/><line nr="13" mi="0" ci="15" mb="0" cb="0"/><counter type="INSTRUCTION" missed="3" covered="27"/><counter type="BRANCH" missed="0" covered="2"/><counter type="LINE" missed="1" covered="4"/><counter type="COMPLEXITY" missed="1" covered="2"/><counter type="METHOD" missed="1" covered="1"/><counter type="CLASS" missed="0" covered="1"/></sourcefile><sourcefile name="WeakClass_1.java"><line nr="3" mi="0" ci="3" mb="0" cb="0"/><line nr="6" mi="0" ci="4" mb="0" cb="0"/><line nr="7" mi="0" ci="2" mb="0" cb="2"/><line nr="8" mi="0" ci="2" mb="0" cb="0"/><line nr="10" mi="0" ci="2" mb="0" cb="0"/><counter type="INSTRUCTION" missed="0" covered="13"/><counter type="BRANCH" missed="0" covered="2"/><counter type="LINE" missed="0" covered="5"/><counter type="COMPLEXITY" missed="0" covered="3"/><counter type="METHOD" missed="0" covered="2"/><counter type="CLASS" missed="0" covered="1"/></sourcefile><sourcefile name="func3.java"><line nr="3" mi="3" ci="0" mb="0" cb="0"/><line nr="5" mi="0" ci="2" mb="0" cb="0"/><line nr="7" mi="0" ci="2" mb="1" cb="1"/><line nr="8" mi="0" ci="4" mb="0" cb="0"/><line nr="10" mi="4" ci="0" mb="0" cb="0"/><line nr="12" mi="10" ci="0" mb="0" cb="0"/><counter type="INSTRUCTION" missed="17" covered="8"/><counter type="BRANCH" missed="1" covered="1"/><counter type="LINE" missed="3" covered="3"/><counter type="COMPLEXITY" missed="2" covered="1"/><counter type="METHOD" missed="1" covered="1"/><counter type="CLASS" missed="0" covered="1"/></sourcefile><counter type="INSTRUCTION" missed="23" covered="72"/><counter type="BRANCH" missed="1" covered="11"/><counter type="LINE" missed="5" covered="17"/><counter type="COMPLEXITY" missed="4" covered="10"/><counter type="METHOD" missed="3" covered="5"/><counter type="CLASS" missed="0" covered="4"/></package><counter type="INSTRUCTION" missed="23" covered="72"/><counter type="BRANCH" missed="1" covered="11"/><counter type="LINE" missed="5" covered="17"/><counter type="COMPLEXITY" missed="4" covered="10"/><counter type="METHOD" missed="3" covered="5"/><counter type="CLASS" missed="0" covered="4"/></report>